<?xml version="1.0" encoding="UTF-8"?>
<!-- Generated by org.testng.reporters.JUnitReportReporter -->
<testsuite hostname="C02YQ78DLVCF" failures="0" tests="4" name="backEnd.sampleBackend" time="26.118" errors="0" timestamp="2021-05-08T23:39:26 GST" skipped="0">
  <testcase classname="backEnd.sampleBackend" name="getCoinIds" time="20.258"/>
  <system-out/>
  <testcase classname="backEnd.sampleBackend" name="convertToBolivianCurrency" time="3.469"/>
  <system-out/>
  <testcase classname="backEnd.sampleBackend" name="retrieveInfoOfEthereum" time="1.129"/>
  <system-out/>
  <testcase classname="backEnd.sampleBackend" name="getMineableTagsAndCurrencyInfoOfFirstTenCurrencies" time="1.262"/>
  <system-out/>
</testsuite> <!-- backEnd.sampleBackend -->
