<?xml version="1.0" encoding="UTF-8"?>
<!-- Generated by org.testng.reporters.JUnitReportReporter -->
<testsuite hostname="C02YQ78DLVCF" failures="0" tests="4" name="frontEnd.sample" time="99.202" errors="0" timestamp="2021-05-08T23:39:26 GST" skipped="0">
  <testcase classname="frontEnd.sample" name="verifyHundredResultsDisplayed" time="24.594"/>
  <system-out/>
  <testcase classname="frontEnd.sample" name="addToWatchList" time="10.125"/>
  <system-out/>
  <testcase classname="frontEnd.sample" name="extractDataFromWebTable" time="34.400"/>
  <system-out/>
  <testcase classname="frontEnd.sample" name="compareDataAfterFilter" time="30.083"/>
  <system-out/>
</testsuite> <!-- frontEnd.sample -->
